<?xml version="1.0" encoding="utf-8"?><testsuites><testsuite name="pytest" errors="0" failures="0" skipped="0" tests="5" time="7.366" timestamp="2024-04-15T20:58:49.522838" hostname="buildkitsandbox"><testcase classname="tests.test_products_endpoint" name="test_Given_Nothing_When_RequestingProducts_Then_ProductsAreReturned" time="0.075" /><testcase classname="tests.test_products_endpoint" name="test_Given_ProductName_When_RequestingExistingProductByName_Then_ProductIsReturned" time="0.012" /><testcase classname="tests.test_products_endpoint" name="test_Given_ProductName_When_RequestingNotExistingProductByName_Then_NotFoundIsReturned" time="0.009" /><testcase classname="tests.test_products_endpoint" name="test_Given_ProductCategoryName_When_RequestingNotExistingProductsByCategory_Then_ResponseNotFound" time="0.010" /><testcase classname="tests.test_products_endpoint" name="test_Given_ProductCategoryName_When_RequestingExistingProductsByCategory_Then_ProductIsReturned" time="0.013" /></testsuite></testsuites>